<?xml version="1.0" encoding="UTF-8"?>
<!-- Generated by org.testng.reporters.JUnitXMLReporter -->
<testsuite hostname="LAPTOP-SLPQU167" ignored="0" name="Default test" tests="4" failures="0" timestamp="2020-07-03T21:10:52 IST" time="0.093" errors="0">
  <testcase name="RestAPITest1" time="0.016" classname="DawnOfAutomation.RestAPITest"/>
  <testcase name="RestAPITest2" time="0.0" classname="DawnOfAutomation.RestAPITest"/>
  <testcase name="RestAPITest3" time="0.0" classname="DawnOfAutomation.RestAPITest"/>
  <testcase name="RestAPITest4" time="0.0" classname="DawnOfAutomation.RestAPITest"/>
</testsuite> <!-- Default test -->
