<?xml version="1.0" encoding="UTF-8"?>
<!-- Generated by org.testng.reporters.JUnitXMLReporter -->
<testsuite ignored="0" hostname="LAPTOP-SLPQU167" failures="0" tests="6" name="Test" time="0.109" errors="0" timestamp="2020-03-12T00:09:32 IST">
  <testcase classname="DawnOfAutomation.AppiumTest" name="AppiumTest1" time="0.0"/>
  <testcase classname="DawnOfAutomation.AppiumTest" name="AppiumTest2" time="0.0"/>
  <testcase classname="DawnOfAutomation.SeleniumTest" name="SeleniumTest1" time="0.0"/>
  <testcase classname="DawnOfAutomation.SeleniumTest" name="SeleniumTest2" time="0.0"/>
  <testcase classname="DawnOfAutomation.RestAPITest" name="RestAPITest1" time="0.0"/>
  <testcase classname="DawnOfAutomation.RestAPITest" name="RestAPITest2" time="0.0"/>
</testsuite> <!-- Test -->
