<?xml version="1.0" encoding="UTF-8"?>
<testng-results ignored="0" total="6" passed="6" failed="0" skipped="0">
  <reporter-output>
  </reporter-output>
  <suite started-at="2020-03-12T00:09:32 IST" name="Suite" finished-at="2020-03-12T00:09:32 IST" duration-ms="109">
    <groups>
    </groups>
    <test started-at="2020-03-12T00:09:32 IST" name="Test" finished-at="2020-03-12T00:09:32 IST" duration-ms="109">
      <class name="DawnOfAutomation.RestAPITest">
        <test-method signature="RestAPITest2()[pri:0, instance:DawnOfAutomation.RestAPITest@29176cc1]" started-at="2020-03-12T00:09:32 IST" name="RestAPITest2" finished-at="2020-03-12T00:09:32 IST" duration-ms="0" status="PASS">
          <reporter-output>
          </reporter-output>
        </test-method> <!-- RestAPITest2 -->
        <test-method signature="RestAPITest1()[pri:0, instance:DawnOfAutomation.RestAPITest@29176cc1]" started-at="2020-03-12T00:09:32 IST" name="RestAPITest1" finished-at="2020-03-12T00:09:32 IST" duration-ms="0" status="PASS">
          <reporter-output>
          </reporter-output>
        </test-method> <!-- RestAPITest1 -->
      </class> <!-- DawnOfAutomation.RestAPITest -->
      <class name="DawnOfAutomation.SeleniumTest">
        <test-method signature="SeleniumTest2()[pri:0, instance:DawnOfAutomation.SeleniumTest@27ae2fd0]" started-at="2020-03-12T00:09:32 IST" name="SeleniumTest2" finished-at="2020-03-12T00:09:32 IST" duration-ms="0" status="PASS">
          <reporter-output>
          </reporter-output>
        </test-method> <!-- SeleniumTest2 -->
        <test-method signature="SeleniumTest1()[pri:0, instance:DawnOfAutomation.SeleniumTest@27ae2fd0]" started-at="2020-03-12T00:09:32 IST" name="SeleniumTest1" finished-at="2020-03-12T00:09:32 IST" duration-ms="0" status="PASS">
          <reporter-output>
          </reporter-output>
        </test-method> <!-- SeleniumTest1 -->
      </class> <!-- DawnOfAutomation.SeleniumTest -->
      <class name="DawnOfAutomation.AppiumTest">
        <test-method signature="AppiumTest1()[pri:0, instance:DawnOfAutomation.AppiumTest@2928854b]" started-at="2020-03-12T00:09:32 IST" name="AppiumTest1" finished-at="2020-03-12T00:09:32 IST" duration-ms="0" status="PASS">
          <reporter-output>
          </reporter-output>
        </test-method> <!-- AppiumTest1 -->
        <test-method signature="AppiumTest2()[pri:0, instance:DawnOfAutomation.AppiumTest@2928854b]" started-at="2020-03-12T00:09:32 IST" name="AppiumTest2" finished-at="2020-03-12T00:09:32 IST" duration-ms="0" status="PASS">
          <reporter-output>
          </reporter-output>
        </test-method> <!-- AppiumTest2 -->
      </class> <!-- DawnOfAutomation.AppiumTest -->
    </test> <!-- Test -->
  </suite> <!-- Suite -->
</testng-results>
